<?xml version="1.0" encoding="utf-8"?><testsuites name="pytest tests"><testsuite name="pytest" errors="0" failures="1" skipped="0" tests="30" time="31.740" timestamp="2026-08-25T13:11:23.156015+00:00" hostname="agent-env-1b17420f-c617-403f-8520-5995f3cb8575"><testcase classname="tests.backend_test.TestAuth" name="test_register_assigns_30_day_trial" time="0.651" /><testcase classname="tests.backend_test.TestWebsites" name="test_create_website_persists_and_dashboard" time="1.029" /><testcase classname="tests.backend_test.TestAuth" name="test_duplicate_email_rejected" time="0.472" /><testcase classname="tests.backend_test.TestWebsites" name="test_two_users_can_each_create_draft" time="1.450" /><testcase classname="tests.backend_test.TestAuth" name="test_short_password_rejected" time="0.263" /><testcase classname="tests.backend_test.TestAuth" name="test_login_logout_and_me" time="1.458" /><testcase classname="tests.backend_test.TestWebsites" name="test_quota_enforced_on_trial" time="0.712" /><testcase classname="tests.backend_test.TestAuth" name="test_brute_force_lockout_after_5_failures" time="2.855"><failure message="AssertionError: no lockout, codes=[401, 401, 401, 401, 401, 401]&#10;assert (423 in [401, 401, 401, 401, 401, 401] or 429 in [401, 401, 401, 401, 401, 401])">E   AssertionError: no lockout, codes=[401, 401, 401, 401, 401, 401]
    assert (423 in [401, 401, 401, 401, 401, 401] or 429 in [401, 401, 401, 401, 401, 401])</failure></testcase><testcase classname="tests.backend_test.TestWebsites" name="test_update_website_and_theme" time="1.345" /><testcase classname="tests.backend_test.TestWebsites" name="test_product_crud_and_image_limit" time="1.813" /><testcase classname="tests.backend_test.TestAuth" name="test_forgot_and_reset_password" time="1.379" /><testcase classname="tests.backend_test.TestWebsites" name="test_unauthenticated_blocked" time="0.794" /><testcase classname="tests.test_usahaku_api" name="test_health_and_plans" time="0.439" /><testcase classname="tests.backend_test.TestPaymentsAdmin" name="test_payment_flow_approve_restores_site" time="2.513" /><testcase classname="tests.test_usahaku_api" name="test_register_trial_cookie_and_invalid_login" time="1.100" /><testcase classname="tests.test_usahaku_api" name="test_trial_one_website_product_persistence_and_image_limit" time="0.602" /><testcase classname="tests.test_usahaku_api" name="test_admin_isolated_from_normal_user" time="1.012" /><testcase classname="tests.backend_test.TestPaymentsAdmin" name="test_payment_reject_requires_reason" time="0.844" /><testcase classname="tests.test_usahaku_api" name="test_protected_upload_rejects_unauthenticated_and_bad_type" time="0.788" /><testcase classname="tests.backend_test.TestPaymentsAdmin" name="test_extra_website_only_premium3" time="0.920" /><testcase classname="tests.backend_test.TestAdminPanel" name="test_overview_users_websites_logs" time="1.122" /><testcase classname="tests.backend_test.TestPaymentsAdmin" name="test_public_settings_and_plans" time="0.100" /><testcase classname="tests.backend_test.TestExpiryMaintenance" name="test_trial_expires_and_site_goes_maintenance" time="1.197" /><testcase classname="tests.backend_test.TestAdminPanel" name="test_user_detail_and_actions" time="3.132" /><testcase classname="tests.backend_test.TestExpiryMaintenance" name="test_owner_access_rules" time="1.151" /><testcase classname="tests.backend_test.TestSecurity" name="test_user_a_cannot_touch_user_b" time="2.310" /><testcase classname="tests.backend_test.TestAdminPanel" name="test_plans_update_persists" time="0.366" /><testcase classname="tests.backend_test.TestAdminPanel" name="test_settings_update_persists" time="3.493" /><testcase classname="tests.backend_test.TestSecurity" name="test_invalid_token_rejected" time="2.149" /><testcase classname="tests.backend_test.TestAIPublishPublic" name="test_generate_publish_and_public_site" time="12.101" /></testsuite></testsuites>