<?xml version="1.0" encoding="utf-8"?><testsuites name="pytest tests"><testsuite name="pytest" errors="0" failures="1" skipped="0" tests="33" time="30.787" timestamp="2026-08-25T13:39:38.149946+00:00" hostname="agent-env-1b17420f-c617-403f-8520-5995f3cb8575"><testcase classname="tests.backend_test.TestWebsites" name="test_create_website_persists_and_dashboard" time="1.026" /><testcase classname="tests.backend_test.TestAuth" name="test_register_assigns_30_day_trial" time="0.641" /><testcase classname="tests.backend_test.TestAuth" name="test_duplicate_email_rejected" time="0.722" /><testcase classname="tests.backend_test.TestWebsites" name="test_two_users_can_each_create_draft" time="1.321" /><testcase classname="tests.backend_test.TestAuth" name="test_short_password_rejected" time="0.096" /><testcase classname="tests.backend_test.TestAuth" name="test_login_logout_and_me" time="1.416" /><testcase classname="tests.backend_test.TestWebsites" name="test_quota_enforced_on_trial" time="0.498" /><testcase classname="tests.backend_test.TestWebsites" name="test_update_website_and_theme" time="1.032" /><testcase classname="tests.backend_test.TestAuth" name="test_brute_force_lockout_after_5_failures" time="2.925"><failure message="AssertionError: no lockout, codes=[401, 401, 401, 401, 401, 401]&#10;assert (423 in [401, 401, 401, 401, 401, 401] or 429 in [401, 401, 401, 401, 401, 401])">self = &lt;backend_test.TestAuth object at 0xf9dc89913050&gt;

    def test_brute_force_lockout_after_5_failures(self):
        s, user, email = new_user()
        codes = []
        for _ in range(6):
            codes.append(requests.post(f"{API}/auth/login", json={"email": email, "password": "bad-pass"}).status_code)
&gt;       assert 423 in codes or 429 in codes, f"no lockout, codes={codes}"
E       AssertionError: no lockout, codes=[401, 401, 401, 401, 401, 401]
E       assert (423 in [401, 401, 401, 401, 401, 401] or 429 in [401, 401, 401, 401, 401, 401])

tests/backend_test.py:59: AssertionError</failure></testcase><testcase classname="tests.backend_test.TestWebsites" name="test_product_crud_and_image_limit" time="2.008" /><testcase classname="tests.backend_test.TestAuth" name="test_forgot_and_reset_password" time="1.837" /><testcase classname="tests.backend_test.TestWebsites" name="test_unauthenticated_blocked" time="0.850" /><testcase classname="tests.backend_test.TestPaymentsAdmin" name="test_payment_flow_approve_restores_site" time="2.472" /><testcase classname="tests.test_usahaku_api" name="test_health_and_plans" time="0.211" /><testcase classname="tests.test_usahaku_api" name="test_register_trial_cookie_and_invalid_login" time="0.823" /><testcase classname="tests.test_usahaku_api" name="test_trial_one_website_product_persistence_and_image_limit" time="0.941" /><testcase classname="tests.backend_test.TestPaymentsAdmin" name="test_payment_reject_requires_reason" time="0.835" /><testcase classname="tests.test_usahaku_api" name="test_admin_isolated_from_normal_user" time="1.089" /><testcase classname="tests.backend_test.TestPaymentsAdmin" name="test_extra_website_only_premium3" time="1.109" /><testcase classname="tests.test_usahaku_api" name="test_protected_upload_rejects_unauthenticated_and_bad_type" time="0.496" /><testcase classname="tests.backend_test.TestPaymentsAdmin" name="test_public_settings_and_plans" time="0.093" /><testcase classname="tests.backend_test.TestAdminPanel" name="test_overview_users_websites_logs" time="0.916" /><testcase classname="tests.backend_test.TestExpiryMaintenance" name="test_trial_expires_and_site_goes_maintenance" time="1.273" /><testcase classname="tests.backend_test.TestAdminPanel" name="test_user_detail_and_actions" time="2.922" /><testcase classname="tests.backend_test.TestExpiryMaintenance" name="test_owner_access_rules" time="1.230" /><testcase classname="tests.backend_test.TestSecurity" name="test_user_a_cannot_touch_user_b" time="2.729" /><testcase classname="tests.backend_test.TestAdminPanel" name="test_plans_update_persists" time="0.253" /><testcase classname="tests.backend_test.TestAdminPanel" name="test_settings_update_persists" time="0.362" /><testcase classname="tests.backend_test.TestAIPublishPublic" name="test_generate_publish_and_public_site" time="12.698" /><testcase classname="tests.backend_test.TestSecurity" name="test_invalid_token_rejected" time="0.065" /><testcase classname="tests.test_iteration2_fixes.TestProofContentType" name="test_pdf_proof_returns_pdf_content_type" time="4.437" /><testcase classname="tests.test_iteration2_fixes.TestProofContentType" name="test_image_proof_returns_image_content_type" time="0.828" /><testcase classname="tests.test_iteration2_fixes.TestOwnerAccessRefresh" name="test_owner_access_reports_trial_expired_without_prior_auth_me" time="1.208" /></testsuite></testsuites>